<?xml version="1.0" encoding="UTF-8"?>
<testsuite xmlns:xsi="http://www.w3.org/2001/XMLSchema-instance" xsi:noNamespaceSchemaLocation="https://maven.apache.org/surefire/maven-surefire-plugin/xsd/surefire-test-report.xsd" name="com.nmys.story.test_ip_resttemplate.RestTest" time="0.218" tests="1" errors="0" skipped="0" failures="0">
  <properties>
    <property name="sun.desktop" value="windows"/>
    <property name="awt.toolkit" value="sun.awt.windows.WToolkit"/>
    <property name="file.encoding.pkg" value="sun.io"/>
    <property name="java.specification.version" value="1.8"/>
    <property name="sun.cpu.isalist" value="amd64"/>
    <property name="sun.jnu.encoding" value="GBK"/>
    <property name="java.class.path" value="D:\Work\open\MyStory\target\test-classes;D:\Work\open\MyStory\target\classes;C:\Program Files\Java\jdk1.8.0_181\lib\tools.jar;D:\apache-maven-3.5.4\repertory\org\crazycake\shiro-redis\3.1.0\shiro-redis-3.1.0.jar;D:\apache-maven-3.5.4\repertory\redis\clients\jedis\2.9.0\jedis-2.9.0.jar;D:\apache-maven-3.5.4\repertory\org\apache\commons\commons-pool2\2.5.0\commons-pool2-2.5.0.jar;D:\apache-maven-3.5.4\repertory\org\slf4j\slf4j-api\1.7.25\slf4j-api-1.7.25.jar;D:\apache-maven-3.5.4\repertory\org\apache\shiro\shiro-core\1.2.6\shiro-core-1.2.6.jar;D:\apache-maven-3.5.4\repertory\commons-beanutils\commons-beanutils\1.8.3\commons-beanutils-1.8.3.jar;D:\apache-maven-3.5.4\repertory\com\puppycrawl\tools\checkstyle\8.3\checkstyle-8.3.jar;D:\apache-maven-3.5.4\repertory\antlr\antlr\2.7.7\antlr-2.7.7.jar;D:\apache-maven-3.5.4\repertory\org\antlr\antlr4-runtime\4.7\antlr4-runtime-4.7.jar;D:\apache-maven-3.5.4\repertory\commons-cli\commons-cli\1.4\commons-cli-1.4.jar;D:\apache-maven-3.5.4\repertory\net\sf\saxon\Saxon-HE\9.8.0-4\Saxon-HE-9.8.0-4.jar;D:\apache-maven-3.5.4\repertory\com\github\theborakompanioni\thymeleaf-extras-shiro\2.0.0\thymeleaf-extras-shiro-2.0.0.jar;D:\apache-maven-3.5.4\repertory\com\alibaba\fastjson\1.2.47\fastjson-1.2.47.jar;D:\apache-maven-3.5.4\repertory\org\springframework\boot\spring-boot-starter-thymeleaf\2.0.0.RELEASE\spring-boot-starter-thymeleaf-2.0.0.RELEASE.jar;D:\apache-maven-3.5.4\repertory\org\springframework\boot\spring-boot-starter\2.0.0.RELEASE\spring-boot-starter-2.0.0.RELEASE.jar;D:\apache-maven-3.5.4\repertory\org\springframework\boot\spring-boot-starter-logging\2.0.0.RELEASE\spring-boot-starter-logging-2.0.0.RELEASE.jar;D:\apache-maven-3.5.4\repertory\ch\qos\logback\logback-classic\1.2.3\logback-classic-1.2.3.jar;D:\apache-maven-3.5.4\repertory\ch\qos\logback\logback-core\1.2.3\logback-core-1.2.3.jar;D:\apache-maven-3.5.4\repertory\org\apache\logging\log4j\log4j-to-slf4j\2.10.0\log4j-to-slf4j-2.10.0.jar;D:\apache-maven-3.5.4\repertory\org\apache\logging\log4j\log4j-api\2.10.0\log4j-api-2.10.0.jar;D:\apache-maven-3.5.4\repertory\org\slf4j\jul-to-slf4j\1.7.25\jul-to-slf4j-1.7.25.jar;D:\apache-maven-3.5.4\repertory\javax\annotation\javax.annotation-api\1.3.2\javax.annotation-api-1.3.2.jar;D:\apache-maven-3.5.4\repertory\org\yaml\snakeyaml\1.19\snakeyaml-1.19.jar;D:\apache-maven-3.5.4\repertory\org\thymeleaf\thymeleaf-spring5\3.0.9.RELEASE\thymeleaf-spring5-3.0.9.RELEASE.jar;D:\apache-maven-3.5.4\repertory\org\thymeleaf\thymeleaf\3.0.9.RELEASE\thymeleaf-3.0.9.RELEASE.jar;D:\apache-maven-3.5.4\repertory\org\attoparser\attoparser\2.0.4.RELEASE\attoparser-2.0.4.RELEASE.jar;D:\apache-maven-3.5.4\repertory\org\unbescape\unbescape\1.1.5.RELEASE\unbescape-1.1.5.RELEASE.jar;D:\apache-maven-3.5.4\repertory\org\thymeleaf\extras\thymeleaf-extras-java8time\3.0.1.RELEASE\thymeleaf-extras-java8time-3.0.1.RELEASE.jar;D:\apache-maven-3.5.4\repertory\org\springframework\boot\spring-boot-starter-data-jpa\2.0.0.RELEASE\spring-boot-starter-data-jpa-2.0.0.RELEASE.jar;D:\apache-maven-3.5.4\repertory\org\springframework\boot\spring-boot-starter-aop\2.0.0.RELEASE\spring-boot-starter-aop-2.0.0.RELEASE.jar;D:\apache-maven-3.5.4\repertory\org\springframework\spring-aop\5.0.4.RELEASE\spring-aop-5.0.4.RELEASE.jar;D:\apache-maven-3.5.4\repertory\org\aspectj\aspectjweaver\1.8.13\aspectjweaver-1.8.13.jar;D:\apache-maven-3.5.4\repertory\org\springframework\boot\spring-boot-starter-jdbc\2.0.0.RELEASE\spring-boot-starter-jdbc-2.0.0.RELEASE.jar;D:\apache-maven-3.5.4\repertory\com\zaxxer\HikariCP\2.7.8\HikariCP-2.7.8.jar;D:\apache-maven-3.5.4\repertory\org\springframework\spring-jdbc\5.0.4.RELEASE\spring-jdbc-5.0.4.RELEASE.jar;D:\apache-maven-3.5.4\repertory\org\hibernate\hibernate-core\5.2.14.Final\hibernate-core-5.2.14.Final.jar;D:\apache-maven-3.5.4\repertory\org\jboss\logging\jboss-logging\3.3.2.Final\jboss-logging-3.3.2.Final.jar;D:\apache-maven-3.5.4\repertory\org\hibernate\javax\persistence\hibernate-jpa-2.1-api\1.0.0.Final\hibernate-jpa-2.1-api-1.0.0.Final.jar;D:\apache-maven-3.5.4\repertory\org\javassist\javassist\3.22.0-GA\javassist-3.22.0-GA.jar;D:\apache-maven-3.5.4\repertory\org\jboss\jandex\2.0.3.Final\jandex-2.0.3.Final.jar;D:\apache-maven-3.5.4\repertory\dom4j\dom4j\1.6.1\dom4j-1.6.1.jar;D:\apache-maven-3.5.4\repertory\org\hibernate\common\hibernate-commons-annotations\5.0.1.Final\hibernate-commons-annotations-5.0.1.Final.jar;D:\apache-maven-3.5.4\repertory\javax\transaction\javax.transaction-api\1.2\javax.transaction-api-1.2.jar;D:\apache-maven-3.5.4\repertory\org\springframework\data\spring-data-jpa\2.0.5.RELEASE\spring-data-jpa-2.0.5.RELEASE.jar;D:\apache-maven-3.5.4\repertory\org\springframework\data\spring-data-commons\2.0.5.RELEASE\spring-data-commons-2.0.5.RELEASE.jar;D:\apache-maven-3.5.4\repertory\org\springframework\spring-orm\5.0.4.RELEASE\spring-orm-5.0.4.RELEASE.jar;D:\apache-maven-3.5.4\repertory\org\springframework\spring-context\5.0.4.RELEASE\spring-context-5.0.4.RELEASE.jar;D:\apache-maven-3.5.4\repertory\org\springframework\spring-tx\5.0.4.RELEASE\spring-tx-5.0.4.RELEASE.jar;D:\apache-maven-3.5.4\repertory\org\springframework\spring-beans\5.0.4.RELEASE\spring-beans-5.0.4.RELEASE.jar;D:\apache-maven-3.5.4\repertory\org\springframework\spring-aspects\5.0.4.RELEASE\spring-aspects-5.0.4.RELEASE.jar;D:\apache-maven-3.5.4\repertory\org\springframework\boot\spring-boot-starter-test\2.0.0.RELEASE\spring-boot-starter-test-2.0.0.RELEASE.jar;D:\apache-maven-3.5.4\repertory\org\springframework\boot\spring-boot-test\2.0.0.RELEASE\spring-boot-test-2.0.0.RELEASE.jar;D:\apache-maven-3.5.4\repertory\org\springframework\boot\spring-boot-test-autoconfigure\2.0.0.RELEASE\spring-boot-test-autoconfigure-2.0.0.RELEASE.jar;D:\apache-maven-3.5.4\repertory\com\jayway\jsonpath\json-path\2.4.0\json-path-2.4.0.jar;D:\apache-maven-3.5.4\repertory\net\minidev\json-smart\2.3\json-smart-2.3.jar;D:\apache-maven-3.5.4\repertory\net\minidev\accessors-smart\1.2\accessors-smart-1.2.jar;D:\apache-maven-3.5.4\repertory\org\ow2\asm\asm\5.0.4\asm-5.0.4.jar;D:\apache-maven-3.5.4\repertory\junit\junit\4.12\junit-4.12.jar;D:\apache-maven-3.5.4\repertory\org\assertj\assertj-core\3.9.1\assertj-core-3.9.1.jar;D:\apache-maven-3.5.4\repertory\org\mockito\mockito-core\2.15.0\mockito-core-2.15.0.jar;D:\apache-maven-3.5.4\repertory\net\bytebuddy\byte-buddy\1.7.10\byte-buddy-1.7.10.jar;D:\apache-maven-3.5.4\repertory\net\bytebuddy\byte-buddy-agent\1.7.10\byte-buddy-agent-1.7.10.jar;D:\apache-maven-3.5.4\repertory\org\objenesis\objenesis\2.6\objenesis-2.6.jar;D:\apache-maven-3.5.4\repertory\org\hamcrest\hamcrest-core\1.3\hamcrest-core-1.3.jar;D:\apache-maven-3.5.4\repertory\org\hamcrest\hamcrest-library\1.3\hamcrest-library-1.3.jar;D:\apache-maven-3.5.4\repertory\org\skyscreamer\jsonassert\1.5.0\jsonassert-1.5.0.jar;D:\apache-maven-3.5.4\repertory\com\vaadin\external\google\android-json\0.0.20131108.vaadin1\android-json-0.0.20131108.vaadin1.jar;D:\apache-maven-3.5.4\repertory\org\springframework\spring-core\5.0.4.RELEASE\spring-core-5.0.4.RELEASE.jar;D:\apache-maven-3.5.4\repertory\org\springframework\spring-jcl\5.0.4.RELEASE\spring-jcl-5.0.4.RELEASE.jar;D:\apache-maven-3.5.4\repertory\org\springframework\spring-test\5.0.4.RELEASE\spring-test-5.0.4.RELEASE.jar;D:\apache-maven-3.5.4\repertory\org\xmlunit\xmlunit-core\2.5.1\xmlunit-core-2.5.1.jar;D:\apache-maven-3.5.4\repertory\org\springframework\boot\spring-boot-devtools\2.0.0.RELEASE\spring-boot-devtools-2.0.0.RELEASE.jar;D:\apache-maven-3.5.4\repertory\org\springframework\boot\spring-boot\2.0.0.RELEASE\spring-boot-2.0.0.RELEASE.jar;D:\apache-maven-3.5.4\repertory\org\springframework\boot\spring-boot-autoconfigure\2.0.0.RELEASE\spring-boot-autoconfigure-2.0.0.RELEASE.jar;D:\apache-maven-3.5.4\repertory\mysql\mysql-connector-java\5.1.45\mysql-connector-java-5.1.45.jar;D:\apache-maven-3.5.4\repertory\org\mybatis\spring\boot\mybatis-spring-boot-starter\1.3.2\mybatis-spring-boot-starter-1.3.2.jar;D:\apache-maven-3.5.4\repertory\org\mybatis\spring\boot\mybatis-spring-boot-autoconfigure\1.3.2\mybatis-spring-boot-autoconfigure-1.3.2.jar;D:\apache-maven-3.5.4\repertory\org\mybatis\mybatis\3.4.6\mybatis-3.4.6.jar;D:\apache-maven-3.5.4\repertory\org\mybatis\mybatis-spring\1.3.2\mybatis-spring-1.3.2.jar;D:\apache-maven-3.5.4\repertory\org\springframework\boot\spring-boot-starter-web\2.0.0.RELEASE\spring-boot-starter-web-2.0.0.RELEASE.jar;D:\apache-maven-3.5.4\repertory\org\springframework\boot\spring-boot-starter-json\2.0.0.RELEASE\spring-boot-starter-json-2.0.0.RELEASE.jar;D:\apache-maven-3.5.4\repertory\com\fasterxml\jackson\core\jackson-databind\2.9.4\jackson-databind-2.9.4.jar;D:\apache-maven-3.5.4\repertory\com\fasterxml\jackson\core\jackson-core\2.9.4\jackson-core-2.9.4.jar;D:\apache-maven-3.5.4\repertory\com\fasterxml\jackson\datatype\jackson-datatype-jdk8\2.9.4\jackson-datatype-jdk8-2.9.4.jar;D:\apache-maven-3.5.4\repertory\com\fasterxml\jackson\datatype\jackson-datatype-jsr310\2.9.4\jackson-datatype-jsr310-2.9.4.jar;D:\apache-maven-3.5.4\repertory\com\fasterxml\jackson\module\jackson-module-parameter-names\2.9.4\jackson-module-parameter-names-2.9.4.jar;D:\apache-maven-3.5.4\repertory\org\springframework\boot\spring-boot-starter-tomcat\2.0.0.RELEASE\spring-boot-starter-tomcat-2.0.0.RELEASE.jar;D:\apache-maven-3.5.4\repertory\org\apache\tomcat\embed\tomcat-embed-core\8.5.28\tomcat-embed-core-8.5.28.jar;D:\apache-maven-3.5.4\repertory\org\apache\tomcat\embed\tomcat-embed-el\8.5.28\tomcat-embed-el-8.5.28.jar;D:\apache-maven-3.5.4\repertory\org\apache\tomcat\embed\tomcat-embed-websocket\8.5.28\tomcat-embed-websocket-8.5.28.jar;D:\apache-maven-3.5.4\repertory\org\hibernate\validator\hibernate-validator\6.0.7.Final\hibernate-validator-6.0.7.Final.jar;D:\apache-maven-3.5.4\repertory\javax\validation\validation-api\2.0.1.Final\validation-api-2.0.1.Final.jar;D:\apache-maven-3.5.4\repertory\org\springframework\spring-web\5.0.4.RELEASE\spring-web-5.0.4.RELEASE.jar;D:\apache-maven-3.5.4\repertory\org\springframework\spring-webmvc\5.0.4.RELEASE\spring-webmvc-5.0.4.RELEASE.jar;D:\apache-maven-3.5.4\repertory\org\springframework\spring-expression\5.0.4.RELEASE\spring-expression-5.0.4.RELEASE.jar;D:\apache-maven-3.5.4\repertory\org\springframework\boot\spring-boot-starter-data-redis\2.0.0.RELEASE\spring-boot-starter-data-redis-2.0.0.RELEASE.jar;D:\apache-maven-3.5.4\repertory\org\springframework\data\spring-data-redis\2.0.5.RELEASE\spring-data-redis-2.0.5.RELEASE.jar;D:\apache-maven-3.5.4\repertory\org\springframework\data\spring-data-keyvalue\2.0.5.RELEASE\spring-data-keyvalue-2.0.5.RELEASE.jar;D:\apache-maven-3.5.4\repertory\org\springframework\spring-oxm\5.0.4.RELEASE\spring-oxm-5.0.4.RELEASE.jar;D:\apache-maven-3.5.4\repertory\org\springframework\spring-context-support\5.0.4.RELEASE\spring-context-support-5.0.4.RELEASE.jar;D:\apache-maven-3.5.4\repertory\io\lettuce\lettuce-core\5.0.2.RELEASE\lettuce-core-5.0.2.RELEASE.jar;D:\apache-maven-3.5.4\repertory\io\projectreactor\reactor-core\3.1.5.RELEASE\reactor-core-3.1.5.RELEASE.jar;D:\apache-maven-3.5.4\repertory\org\reactivestreams\reactive-streams\1.0.2\reactive-streams-1.0.2.jar;D:\apache-maven-3.5.4\repertory\io\netty\netty-common\4.1.22.Final\netty-common-4.1.22.Final.jar;D:\apache-maven-3.5.4\repertory\io\netty\netty-transport\4.1.22.Final\netty-transport-4.1.22.Final.jar;D:\apache-maven-3.5.4\repertory\io\netty\netty-buffer\4.1.22.Final\netty-buffer-4.1.22.Final.jar;D:\apache-maven-3.5.4\repertory\io\netty\netty-resolver\4.1.22.Final\netty-resolver-4.1.22.Final.jar;D:\apache-maven-3.5.4\repertory\io\netty\netty-handler\4.1.22.Final\netty-handler-4.1.22.Final.jar;D:\apache-maven-3.5.4\repertory\io\netty\netty-codec\4.1.22.Final\netty-codec-4.1.22.Final.jar;D:\apache-maven-3.5.4\repertory\com\github\pagehelper\pagehelper-spring-boot-starter\1.2.3\pagehelper-spring-boot-starter-1.2.3.jar;D:\apache-maven-3.5.4\repertory\com\github\pagehelper\pagehelper-spring-boot-autoconfigure\1.2.3\pagehelper-spring-boot-autoconfigure-1.2.3.jar;D:\apache-maven-3.5.4\repertory\com\github\pagehelper\pagehelper\5.1.2\pagehelper-5.1.2.jar;D:\apache-maven-3.5.4\repertory\com\github\jsqlparser\jsqlparser\1.0\jsqlparser-1.0.jar;D:\apache-maven-3.5.4\repertory\org\apache\commons\commons-lang3\3.5\commons-lang3-3.5.jar;D:\apache-maven-3.5.4\repertory\com\alibaba\druid\1.0.18\druid-1.0.18.jar;C:\Program Files\Java\jdk1.8.0_181\jre\..\lib\jconsole.jar;C:\Program Files\Java\jdk1.8.0_181\jre\..\lib\tools.jar;D:\apache-maven-3.5.4\repertory\com\qiniu\qiniu-java-sdk\7.2.12\qiniu-java-sdk-7.2.12.jar;D:\apache-maven-3.5.4\repertory\com\squareup\okhttp3\okhttp\3.9.1\okhttp-3.9.1.jar;D:\apache-maven-3.5.4\repertory\com\squareup\okio\okio\1.13.0\okio-1.13.0.jar;D:\apache-maven-3.5.4\repertory\com\google\code\gson\gson\2.8.2\gson-2.8.2.jar;D:\apache-maven-3.5.4\repertory\com\qiniu\happy-dns-java\0.1.6\happy-dns-java-0.1.6.jar;D:\apache-maven-3.5.4\repertory\org\apache\shiro\shiro-spring\1.4.0\shiro-spring-1.4.0.jar;D:\apache-maven-3.5.4\repertory\org\apache\shiro\shiro-web\1.4.0\shiro-web-1.4.0.jar;D:\apache-maven-3.5.4\repertory\io\springfox\springfox-swagger2\2.9.2\springfox-swagger2-2.9.2.jar;D:\apache-maven-3.5.4\repertory\io\swagger\swagger-annotations\1.5.20\swagger-annotations-1.5.20.jar;D:\apache-maven-3.5.4\repertory\io\swagger\swagger-models\1.5.20\swagger-models-1.5.20.jar;D:\apache-maven-3.5.4\repertory\com\fasterxml\jackson\core\jackson-annotations\2.9.0\jackson-annotations-2.9.0.jar;D:\apache-maven-3.5.4\repertory\io\springfox\springfox-spi\2.9.2\springfox-spi-2.9.2.jar;D:\apache-maven-3.5.4\repertory\io\springfox\springfox-core\2.9.2\springfox-core-2.9.2.jar;D:\apache-maven-3.5.4\repertory\io\springfox\springfox-schema\2.9.2\springfox-schema-2.9.2.jar;D:\apache-maven-3.5.4\repertory\io\springfox\springfox-swagger-common\2.9.2\springfox-swagger-common-2.9.2.jar;D:\apache-maven-3.5.4\repertory\io\springfox\springfox-spring-web\2.9.2\springfox-spring-web-2.9.2.jar;D:\apache-maven-3.5.4\repertory\com\google\guava\guava\20.0\guava-20.0.jar;D:\apache-maven-3.5.4\repertory\com\fasterxml\classmate\1.3.4\classmate-1.3.4.jar;D:\apache-maven-3.5.4\repertory\org\springframework\plugin\spring-plugin-core\1.2.0.RELEASE\spring-plugin-core-1.2.0.RELEASE.jar;D:\apache-maven-3.5.4\repertory\org\springframework\plugin\spring-plugin-metadata\1.2.0.RELEASE\spring-plugin-metadata-1.2.0.RELEASE.jar;D:\apache-maven-3.5.4\repertory\org\mapstruct\mapstruct\1.2.0.Final\mapstruct-1.2.0.Final.jar;D:\apache-maven-3.5.4\repertory\io\springfox\springfox-swagger-ui\2.9.2\springfox-swagger-ui-2.9.2.jar;D:\apache-maven-3.5.4\repertory\com\atlassian\commonmark\commonmark\0.10.0\commonmark-0.10.0.jar;D:\apache-maven-3.5.4\repertory\com\atlassian\commonmark\commonmark-ext-gfm-tables\0.10.0\commonmark-ext-gfm-tables-0.10.0.jar;D:\apache-maven-3.5.4\repertory\rome\rome\1.0\rome-1.0.jar;D:\apache-maven-3.5.4\repertory\jdom\jdom\1.0\jdom-1.0.jar;D:\apache-maven-3.5.4\repertory\com\vdurmont\emoji-java\3.2.0\emoji-java-3.2.0.jar;D:\apache-maven-3.5.4\repertory\org\json\json\20140107\json-20140107.jar;D:\apache-maven-3.5.4\repertory\org\projectlombok\lombok\1.16.18\lombok-1.16.18.jar;D:\apache-maven-3.5.4\repertory\com\github\ulisesbocchio\jasypt-spring-boot-starter\2.0.0\jasypt-spring-boot-starter-2.0.0.jar;D:\apache-maven-3.5.4\repertory\com\github\ulisesbocchio\jasypt-spring-boot\2.0.0\jasypt-spring-boot-2.0.0.jar;D:\apache-maven-3.5.4\repertory\org\jasypt\jasypt\1.9.2\jasypt-1.9.2.jar;"/>
    <property name="java.vm.vendor" value="Oracle Corporation"/>
    <property name="sun.arch.data.model" value="64"/>
    <property name="user.variant" value=""/>
    <property name="java.vendor.url" value="http://java.oracle.com/"/>
    <property name="user.timezone" value=""/>
    <property name="java.vm.specification.version" value="1.8"/>
    <property name="os.name" value="Windows 10"/>
    <property name="user.country" value="CN"/>
    <property name="sun.java.launcher" value="SUN_STANDARD"/>
    <property name="sun.boot.library.path" value="C:\Program Files\Java\jdk1.8.0_181\jre\bin"/>
    <property name="sun.java.command" value="C:\Users\admin\AppData\Local\Temp\surefire3678105114873882232\surefirebooter7016322819841437072.jar C:\Users\admin\AppData\Local\Temp\surefire3678105114873882232 2018-10-29T08-08-17_619-jvmRun1 surefire2437286169664091258tmp surefire_0953814742814776289tmp"/>
    <property name="surefire.test.class.path" value="D:\Work\open\MyStory\target\test-classes;D:\Work\open\MyStory\target\classes;C:\Program Files\Java\jdk1.8.0_181\lib\tools.jar;D:\apache-maven-3.5.4\repertory\org\crazycake\shiro-redis\3.1.0\shiro-redis-3.1.0.jar;D:\apache-maven-3.5.4\repertory\redis\clients\jedis\2.9.0\jedis-2.9.0.jar;D:\apache-maven-3.5.4\repertory\org\apache\commons\commons-pool2\2.5.0\commons-pool2-2.5.0.jar;D:\apache-maven-3.5.4\repertory\org\slf4j\slf4j-api\1.7.25\slf4j-api-1.7.25.jar;D:\apache-maven-3.5.4\repertory\org\apache\shiro\shiro-core\1.2.6\shiro-core-1.2.6.jar;D:\apache-maven-3.5.4\repertory\commons-beanutils\commons-beanutils\1.8.3\commons-beanutils-1.8.3.jar;D:\apache-maven-3.5.4\repertory\com\puppycrawl\tools\checkstyle\8.3\checkstyle-8.3.jar;D:\apache-maven-3.5.4\repertory\antlr\antlr\2.7.7\antlr-2.7.7.jar;D:\apache-maven-3.5.4\repertory\org\antlr\antlr4-runtime\4.7\antlr4-runtime-4.7.jar;D:\apache-maven-3.5.4\repertory\commons-cli\commons-cli\1.4\commons-cli-1.4.jar;D:\apache-maven-3.5.4\repertory\net\sf\saxon\Saxon-HE\9.8.0-4\Saxon-HE-9.8.0-4.jar;D:\apache-maven-3.5.4\repertory\com\github\theborakompanioni\thymeleaf-extras-shiro\2.0.0\thymeleaf-extras-shiro-2.0.0.jar;D:\apache-maven-3.5.4\repertory\com\alibaba\fastjson\1.2.47\fastjson-1.2.47.jar;D:\apache-maven-3.5.4\repertory\org\springframework\boot\spring-boot-starter-thymeleaf\2.0.0.RELEASE\spring-boot-starter-thymeleaf-2.0.0.RELEASE.jar;D:\apache-maven-3.5.4\repertory\org\springframework\boot\spring-boot-starter\2.0.0.RELEASE\spring-boot-starter-2.0.0.RELEASE.jar;D:\apache-maven-3.5.4\repertory\org\springframework\boot\spring-boot-starter-logging\2.0.0.RELEASE\spring-boot-starter-logging-2.0.0.RELEASE.jar;D:\apache-maven-3.5.4\repertory\ch\qos\logback\logback-classic\1.2.3\logback-classic-1.2.3.jar;D:\apache-maven-3.5.4\repertory\ch\qos\logback\logback-core\1.2.3\logback-core-1.2.3.jar;D:\apache-maven-3.5.4\repertory\org\apache\logging\log4j\log4j-to-slf4j\2.10.0\log4j-to-slf4j-2.10.0.jar;D:\apache-maven-3.5.4\repertory\org\apache\logging\log4j\log4j-api\2.10.0\log4j-api-2.10.0.jar;D:\apache-maven-3.5.4\repertory\org\slf4j\jul-to-slf4j\1.7.25\jul-to-slf4j-1.7.25.jar;D:\apache-maven-3.5.4\repertory\javax\annotation\javax.annotation-api\1.3.2\javax.annotation-api-1.3.2.jar;D:\apache-maven-3.5.4\repertory\org\yaml\snakeyaml\1.19\snakeyaml-1.19.jar;D:\apache-maven-3.5.4\repertory\org\thymeleaf\thymeleaf-spring5\3.0.9.RELEASE\thymeleaf-spring5-3.0.9.RELEASE.jar;D:\apache-maven-3.5.4\repertory\org\thymeleaf\thymeleaf\3.0.9.RELEASE\thymeleaf-3.0.9.RELEASE.jar;D:\apache-maven-3.5.4\repertory\org\attoparser\attoparser\2.0.4.RELEASE\attoparser-2.0.4.RELEASE.jar;D:\apache-maven-3.5.4\repertory\org\unbescape\unbescape\1.1.5.RELEASE\unbescape-1.1.5.RELEASE.jar;D:\apache-maven-3.5.4\repertory\org\thymeleaf\extras\thymeleaf-extras-java8time\3.0.1.RELEASE\thymeleaf-extras-java8time-3.0.1.RELEASE.jar;D:\apache-maven-3.5.4\repertory\org\springframework\boot\spring-boot-starter-data-jpa\2.0.0.RELEASE\spring-boot-starter-data-jpa-2.0.0.RELEASE.jar;D:\apache-maven-3.5.4\repertory\org\springframework\boot\spring-boot-starter-aop\2.0.0.RELEASE\spring-boot-starter-aop-2.0.0.RELEASE.jar;D:\apache-maven-3.5.4\repertory\org\springframework\spring-aop\5.0.4.RELEASE\spring-aop-5.0.4.RELEASE.jar;D:\apache-maven-3.5.4\repertory\org\aspectj\aspectjweaver\1.8.13\aspectjweaver-1.8.13.jar;D:\apache-maven-3.5.4\repertory\org\springframework\boot\spring-boot-starter-jdbc\2.0.0.RELEASE\spring-boot-starter-jdbc-2.0.0.RELEASE.jar;D:\apache-maven-3.5.4\repertory\com\zaxxer\HikariCP\2.7.8\HikariCP-2.7.8.jar;D:\apache-maven-3.5.4\repertory\org\springframework\spring-jdbc\5.0.4.RELEASE\spring-jdbc-5.0.4.RELEASE.jar;D:\apache-maven-3.5.4\repertory\org\hibernate\hibernate-core\5.2.14.Final\hibernate-core-5.2.14.Final.jar;D:\apache-maven-3.5.4\repertory\org\jboss\logging\jboss-logging\3.3.2.Final\jboss-logging-3.3.2.Final.jar;D:\apache-maven-3.5.4\repertory\org\hibernate\javax\persistence\hibernate-jpa-2.1-api\1.0.0.Final\hibernate-jpa-2.1-api-1.0.0.Final.jar;D:\apache-maven-3.5.4\repertory\org\javassist\javassist\3.22.0-GA\javassist-3.22.0-GA.jar;D:\apache-maven-3.5.4\repertory\org\jboss\jandex\2.0.3.Final\jandex-2.0.3.Final.jar;D:\apache-maven-3.5.4\repertory\dom4j\dom4j\1.6.1\dom4j-1.6.1.jar;D:\apache-maven-3.5.4\repertory\org\hibernate\common\hibernate-commons-annotations\5.0.1.Final\hibernate-commons-annotations-5.0.1.Final.jar;D:\apache-maven-3.5.4\repertory\javax\transaction\javax.transaction-api\1.2\javax.transaction-api-1.2.jar;D:\apache-maven-3.5.4\repertory\org\springframework\data\spring-data-jpa\2.0.5.RELEASE\spring-data-jpa-2.0.5.RELEASE.jar;D:\apache-maven-3.5.4\repertory\org\springframework\data\spring-data-commons\2.0.5.RELEASE\spring-data-commons-2.0.5.RELEASE.jar;D:\apache-maven-3.5.4\repertory\org\springframework\spring-orm\5.0.4.RELEASE\spring-orm-5.0.4.RELEASE.jar;D:\apache-maven-3.5.4\repertory\org\springframework\spring-context\5.0.4.RELEASE\spring-context-5.0.4.RELEASE.jar;D:\apache-maven-3.5.4\repertory\org\springframework\spring-tx\5.0.4.RELEASE\spring-tx-5.0.4.RELEASE.jar;D:\apache-maven-3.5.4\repertory\org\springframework\spring-beans\5.0.4.RELEASE\spring-beans-5.0.4.RELEASE.jar;D:\apache-maven-3.5.4\repertory\org\springframework\spring-aspects\5.0.4.RELEASE\spring-aspects-5.0.4.RELEASE.jar;D:\apache-maven-3.5.4\repertory\org\springframework\boot\spring-boot-starter-test\2.0.0.RELEASE\spring-boot-starter-test-2.0.0.RELEASE.jar;D:\apache-maven-3.5.4\repertory\org\springframework\boot\spring-boot-test\2.0.0.RELEASE\spring-boot-test-2.0.0.RELEASE.jar;D:\apache-maven-3.5.4\repertory\org\springframework\boot\spring-boot-test-autoconfigure\2.0.0.RELEASE\spring-boot-test-autoconfigure-2.0.0.RELEASE.jar;D:\apache-maven-3.5.4\repertory\com\jayway\jsonpath\json-path\2.4.0\json-path-2.4.0.jar;D:\apache-maven-3.5.4\repertory\net\minidev\json-smart\2.3\json-smart-2.3.jar;D:\apache-maven-3.5.4\repertory\net\minidev\accessors-smart\1.2\accessors-smart-1.2.jar;D:\apache-maven-3.5.4\repertory\org\ow2\asm\asm\5.0.4\asm-5.0.4.jar;D:\apache-maven-3.5.4\repertory\junit\junit\4.12\junit-4.12.jar;D:\apache-maven-3.5.4\repertory\org\assertj\assertj-core\3.9.1\assertj-core-3.9.1.jar;D:\apache-maven-3.5.4\repertory\org\mockito\mockito-core\2.15.0\mockito-core-2.15.0.jar;D:\apache-maven-3.5.4\repertory\net\bytebuddy\byte-buddy\1.7.10\byte-buddy-1.7.10.jar;D:\apache-maven-3.5.4\repertory\net\bytebuddy\byte-buddy-agent\1.7.10\byte-buddy-agent-1.7.10.jar;D:\apache-maven-3.5.4\repertory\org\objenesis\objenesis\2.6\objenesis-2.6.jar;D:\apache-maven-3.5.4\repertory\org\hamcrest\hamcrest-core\1.3\hamcrest-core-1.3.jar;D:\apache-maven-3.5.4\repertory\org\hamcrest\hamcrest-library\1.3\hamcrest-library-1.3.jar;D:\apache-maven-3.5.4\repertory\org\skyscreamer\jsonassert\1.5.0\jsonassert-1.5.0.jar;D:\apache-maven-3.5.4\repertory\com\vaadin\external\google\android-json\0.0.20131108.vaadin1\android-json-0.0.20131108.vaadin1.jar;D:\apache-maven-3.5.4\repertory\org\springframework\spring-core\5.0.4.RELEASE\spring-core-5.0.4.RELEASE.jar;D:\apache-maven-3.5.4\repertory\org\springframework\spring-jcl\5.0.4.RELEASE\spring-jcl-5.0.4.RELEASE.jar;D:\apache-maven-3.5.4\repertory\org\springframework\spring-test\5.0.4.RELEASE\spring-test-5.0.4.RELEASE.jar;D:\apache-maven-3.5.4\repertory\org\xmlunit\xmlunit-core\2.5.1\xmlunit-core-2.5.1.jar;D:\apache-maven-3.5.4\repertory\org\springframework\boot\spring-boot-devtools\2.0.0.RELEASE\spring-boot-devtools-2.0.0.RELEASE.jar;D:\apache-maven-3.5.4\repertory\org\springframework\boot\spring-boot\2.0.0.RELEASE\spring-boot-2.0.0.RELEASE.jar;D:\apache-maven-3.5.4\repertory\org\springframework\boot\spring-boot-autoconfigure\2.0.0.RELEASE\spring-boot-autoconfigure-2.0.0.RELEASE.jar;D:\apache-maven-3.5.4\repertory\mysql\mysql-connector-java\5.1.45\mysql-connector-java-5.1.45.jar;D:\apache-maven-3.5.4\repertory\org\mybatis\spring\boot\mybatis-spring-boot-starter\1.3.2\mybatis-spring-boot-starter-1.3.2.jar;D:\apache-maven-3.5.4\repertory\org\mybatis\spring\boot\mybatis-spring-boot-autoconfigure\1.3.2\mybatis-spring-boot-autoconfigure-1.3.2.jar;D:\apache-maven-3.5.4\repertory\org\mybatis\mybatis\3.4.6\mybatis-3.4.6.jar;D:\apache-maven-3.5.4\repertory\org\mybatis\mybatis-spring\1.3.2\mybatis-spring-1.3.2.jar;D:\apache-maven-3.5.4\repertory\org\springframework\boot\spring-boot-starter-web\2.0.0.RELEASE\spring-boot-starter-web-2.0.0.RELEASE.jar;D:\apache-maven-3.5.4\repertory\org\springframework\boot\spring-boot-starter-json\2.0.0.RELEASE\spring-boot-starter-json-2.0.0.RELEASE.jar;D:\apache-maven-3.5.4\repertory\com\fasterxml\jackson\core\jackson-databind\2.9.4\jackson-databind-2.9.4.jar;D:\apache-maven-3.5.4\repertory\com\fasterxml\jackson\core\jackson-core\2.9.4\jackson-core-2.9.4.jar;D:\apache-maven-3.5.4\repertory\com\fasterxml\jackson\datatype\jackson-datatype-jdk8\2.9.4\jackson-datatype-jdk8-2.9.4.jar;D:\apache-maven-3.5.4\repertory\com\fasterxml\jackson\datatype\jackson-datatype-jsr310\2.9.4\jackson-datatype-jsr310-2.9.4.jar;D:\apache-maven-3.5.4\repertory\com\fasterxml\jackson\module\jackson-module-parameter-names\2.9.4\jackson-module-parameter-names-2.9.4.jar;D:\apache-maven-3.5.4\repertory\org\springframework\boot\spring-boot-starter-tomcat\2.0.0.RELEASE\spring-boot-starter-tomcat-2.0.0.RELEASE.jar;D:\apache-maven-3.5.4\repertory\org\apache\tomcat\embed\tomcat-embed-core\8.5.28\tomcat-embed-core-8.5.28.jar;D:\apache-maven-3.5.4\repertory\org\apache\tomcat\embed\tomcat-embed-el\8.5.28\tomcat-embed-el-8.5.28.jar;D:\apache-maven-3.5.4\repertory\org\apache\tomcat\embed\tomcat-embed-websocket\8.5.28\tomcat-embed-websocket-8.5.28.jar;D:\apache-maven-3.5.4\repertory\org\hibernate\validator\hibernate-validator\6.0.7.Final\hibernate-validator-6.0.7.Final.jar;D:\apache-maven-3.5.4\repertory\javax\validation\validation-api\2.0.1.Final\validation-api-2.0.1.Final.jar;D:\apache-maven-3.5.4\repertory\org\springframework\spring-web\5.0.4.RELEASE\spring-web-5.0.4.RELEASE.jar;D:\apache-maven-3.5.4\repertory\org\springframework\spring-webmvc\5.0.4.RELEASE\spring-webmvc-5.0.4.RELEASE.jar;D:\apache-maven-3.5.4\repertory\org\springframework\spring-expression\5.0.4.RELEASE\spring-expression-5.0.4.RELEASE.jar;D:\apache-maven-3.5.4\repertory\org\springframework\boot\spring-boot-starter-data-redis\2.0.0.RELEASE\spring-boot-starter-data-redis-2.0.0.RELEASE.jar;D:\apache-maven-3.5.4\repertory\org\springframework\data\spring-data-redis\2.0.5.RELEASE\spring-data-redis-2.0.5.RELEASE.jar;D:\apache-maven-3.5.4\repertory\org\springframework\data\spring-data-keyvalue\2.0.5.RELEASE\spring-data-keyvalue-2.0.5.RELEASE.jar;D:\apache-maven-3.5.4\repertory\org\springframework\spring-oxm\5.0.4.RELEASE\spring-oxm-5.0.4.RELEASE.jar;D:\apache-maven-3.5.4\repertory\org\springframework\spring-context-support\5.0.4.RELEASE\spring-context-support-5.0.4.RELEASE.jar;D:\apache-maven-3.5.4\repertory\io\lettuce\lettuce-core\5.0.2.RELEASE\lettuce-core-5.0.2.RELEASE.jar;D:\apache-maven-3.5.4\repertory\io\projectreactor\reactor-core\3.1.5.RELEASE\reactor-core-3.1.5.RELEASE.jar;D:\apache-maven-3.5.4\repertory\org\reactivestreams\reactive-streams\1.0.2\reactive-streams-1.0.2.jar;D:\apache-maven-3.5.4\repertory\io\netty\netty-common\4.1.22.Final\netty-common-4.1.22.Final.jar;D:\apache-maven-3.5.4\repertory\io\netty\netty-transport\4.1.22.Final\netty-transport-4.1.22.Final.jar;D:\apache-maven-3.5.4\repertory\io\netty\netty-buffer\4.1.22.Final\netty-buffer-4.1.22.Final.jar;D:\apache-maven-3.5.4\repertory\io\netty\netty-resolver\4.1.22.Final\netty-resolver-4.1.22.Final.jar;D:\apache-maven-3.5.4\repertory\io\netty\netty-handler\4.1.22.Final\netty-handler-4.1.22.Final.jar;D:\apache-maven-3.5.4\repertory\io\netty\netty-codec\4.1.22.Final\netty-codec-4.1.22.Final.jar;D:\apache-maven-3.5.4\repertory\com\github\pagehelper\pagehelper-spring-boot-starter\1.2.3\pagehelper-spring-boot-starter-1.2.3.jar;D:\apache-maven-3.5.4\repertory\com\github\pagehelper\pagehelper-spring-boot-autoconfigure\1.2.3\pagehelper-spring-boot-autoconfigure-1.2.3.jar;D:\apache-maven-3.5.4\repertory\com\github\pagehelper\pagehelper\5.1.2\pagehelper-5.1.2.jar;D:\apache-maven-3.5.4\repertory\com\github\jsqlparser\jsqlparser\1.0\jsqlparser-1.0.jar;D:\apache-maven-3.5.4\repertory\org\apache\commons\commons-lang3\3.5\commons-lang3-3.5.jar;D:\apache-maven-3.5.4\repertory\com\alibaba\druid\1.0.18\druid-1.0.18.jar;C:\Program Files\Java\jdk1.8.0_181\jre\..\lib\jconsole.jar;C:\Program Files\Java\jdk1.8.0_181\jre\..\lib\tools.jar;D:\apache-maven-3.5.4\repertory\com\qiniu\qiniu-java-sdk\7.2.12\qiniu-java-sdk-7.2.12.jar;D:\apache-maven-3.5.4\repertory\com\squareup\okhttp3\okhttp\3.9.1\okhttp-3.9.1.jar;D:\apache-maven-3.5.4\repertory\com\squareup\okio\okio\1.13.0\okio-1.13.0.jar;D:\apache-maven-3.5.4\repertory\com\google\code\gson\gson\2.8.2\gson-2.8.2.jar;D:\apache-maven-3.5.4\repertory\com\qiniu\happy-dns-java\0.1.6\happy-dns-java-0.1.6.jar;D:\apache-maven-3.5.4\repertory\org\apache\shiro\shiro-spring\1.4.0\shiro-spring-1.4.0.jar;D:\apache-maven-3.5.4\repertory\org\apache\shiro\shiro-web\1.4.0\shiro-web-1.4.0.jar;D:\apache-maven-3.5.4\repertory\io\springfox\springfox-swagger2\2.9.2\springfox-swagger2-2.9.2.jar;D:\apache-maven-3.5.4\repertory\io\swagger\swagger-annotations\1.5.20\swagger-annotations-1.5.20.jar;D:\apache-maven-3.5.4\repertory\io\swagger\swagger-models\1.5.20\swagger-models-1.5.20.jar;D:\apache-maven-3.5.4\repertory\com\fasterxml\jackson\core\jackson-annotations\2.9.0\jackson-annotations-2.9.0.jar;D:\apache-maven-3.5.4\repertory\io\springfox\springfox-spi\2.9.2\springfox-spi-2.9.2.jar;D:\apache-maven-3.5.4\repertory\io\springfox\springfox-core\2.9.2\springfox-core-2.9.2.jar;D:\apache-maven-3.5.4\repertory\io\springfox\springfox-schema\2.9.2\springfox-schema-2.9.2.jar;D:\apache-maven-3.5.4\repertory\io\springfox\springfox-swagger-common\2.9.2\springfox-swagger-common-2.9.2.jar;D:\apache-maven-3.5.4\repertory\io\springfox\springfox-spring-web\2.9.2\springfox-spring-web-2.9.2.jar;D:\apache-maven-3.5.4\repertory\com\google\guava\guava\20.0\guava-20.0.jar;D:\apache-maven-3.5.4\repertory\com\fasterxml\classmate\1.3.4\classmate-1.3.4.jar;D:\apache-maven-3.5.4\repertory\org\springframework\plugin\spring-plugin-core\1.2.0.RELEASE\spring-plugin-core-1.2.0.RELEASE.jar;D:\apache-maven-3.5.4\repertory\org\springframework\plugin\spring-plugin-metadata\1.2.0.RELEASE\spring-plugin-metadata-1.2.0.RELEASE.jar;D:\apache-maven-3.5.4\repertory\org\mapstruct\mapstruct\1.2.0.Final\mapstruct-1.2.0.Final.jar;D:\apache-maven-3.5.4\repertory\io\springfox\springfox-swagger-ui\2.9.2\springfox-swagger-ui-2.9.2.jar;D:\apache-maven-3.5.4\repertory\com\atlassian\commonmark\commonmark\0.10.0\commonmark-0.10.0.jar;D:\apache-maven-3.5.4\repertory\com\atlassian\commonmark\commonmark-ext-gfm-tables\0.10.0\commonmark-ext-gfm-tables-0.10.0.jar;D:\apache-maven-3.5.4\repertory\rome\rome\1.0\rome-1.0.jar;D:\apache-maven-3.5.4\repertory\jdom\jdom\1.0\jdom-1.0.jar;D:\apache-maven-3.5.4\repertory\com\vdurmont\emoji-java\3.2.0\emoji-java-3.2.0.jar;D:\apache-maven-3.5.4\repertory\org\json\json\20140107\json-20140107.jar;D:\apache-maven-3.5.4\repertory\org\projectlombok\lombok\1.16.18\lombok-1.16.18.jar;D:\apache-maven-3.5.4\repertory\com\github\ulisesbocchio\jasypt-spring-boot-starter\2.0.0\jasypt-spring-boot-starter-2.0.0.jar;D:\apache-maven-3.5.4\repertory\com\github\ulisesbocchio\jasypt-spring-boot\2.0.0\jasypt-spring-boot-2.0.0.jar;D:\apache-maven-3.5.4\repertory\org\jasypt\jasypt\1.9.2\jasypt-1.9.2.jar;"/>
    <property name="sun.cpu.endian" value="little"/>
    <property name="user.home" value="C:\Users\admin"/>
    <property name="user.language" value="zh"/>
    <property name="java.specification.vendor" value="Oracle Corporation"/>
    <property name="java.home" value="C:\Program Files\Java\jdk1.8.0_181\jre"/>
    <property name="basedir" value="D:\Work\open\MyStory"/>
    <property name="file.separator" value="\"/>
    <property name="line.separator" value="&#10;"/>
    <property name="java.vm.specification.vendor" value="Oracle Corporation"/>
    <property name="java.specification.name" value="Java Platform API Specification"/>
    <property name="java.awt.graphicsenv" value="sun.awt.Win32GraphicsEnvironment"/>
    <property name="surefire.real.class.path" value="C:\Users\admin\AppData\Local\Temp\surefire3678105114873882232\surefirebooter7016322819841437072.jar"/>
    <property name="sun.boot.class.path" value="C:\Program Files\Java\jdk1.8.0_181\jre\lib\resources.jar;C:\Program Files\Java\jdk1.8.0_181\jre\lib\rt.jar;C:\Program Files\Java\jdk1.8.0_181\jre\lib\sunrsasign.jar;C:\Program Files\Java\jdk1.8.0_181\jre\lib\jsse.jar;C:\Program Files\Java\jdk1.8.0_181\jre\lib\jce.jar;C:\Program Files\Java\jdk1.8.0_181\jre\lib\charsets.jar;C:\Program Files\Java\jdk1.8.0_181\jre\lib\jfr.jar;C:\Program Files\Java\jdk1.8.0_181\jre\classes"/>
    <property name="user.script" value=""/>
    <property name="sun.management.compiler" value="HotSpot 64-Bit Tiered Compilers"/>
    <property name="java.runtime.version" value="1.8.0_181-b13"/>
    <property name="user.name" value="admin"/>
    <property name="path.separator" value=";"/>
    <property name="os.version" value="10.0"/>
    <property name="java.endorsed.dirs" value="C:\Program Files\Java\jdk1.8.0_181\jre\lib\endorsed"/>
    <property name="java.runtime.name" value="Java(TM) SE Runtime Environment"/>
    <property name="file.encoding" value="GBK"/>
    <property name="java.vm.name" value="Java HotSpot(TM) 64-Bit Server VM"/>
    <property name="localRepository" value="D:\apache-maven-3.5.4\repertory"/>
    <property name="java.vendor.url.bug" value="http://bugreport.sun.com/bugreport/"/>
    <property name="java.io.tmpdir" value="C:\Users\admin\AppData\Local\Temp\"/>
    <property name="java.version" value="1.8.0_181"/>
    <property name="user.dir" value="D:\Work\open\MyStory"/>
    <property name="os.arch" value="amd64"/>
    <property name="java.vm.specification.name" value="Java Virtual Machine Specification"/>
    <property name="java.awt.printerjob" value="sun.awt.windows.WPrinterJob"/>
    <property name="sun.os.patch.level" value=""/>
    <property name="java.library.path" value="C:\Program Files\Java\jdk1.8.0_181\jre\bin;C:\WINDOWS\Sun\Java\bin;C:\WINDOWS\system32;C:\WINDOWS;C:/Program Files/Java/jre1.8.0_181/bin/server;C:/Program Files/Java/jre1.8.0_181/bin;C:/Program Files/Java/jre1.8.0_181/lib/amd64;C:\Program Files (x86)\Common Files\Oracle\Java\javapath;C:\Program Files (x86)\Intel\iCLS Client\;C:\Program Files\Intel\iCLS Client\;C:\WINDOWS\system32;C:\WINDOWS;C:\WINDOWS\System32\Wbem;C:\WINDOWS\System32\WindowsPowerShell\v1.0\;C:\Program Files (x86)\Intel\Intel(R) Management Engine Components\DAL;C:\Program Files\Intel\Intel(R) Management Engine Components\DAL;C:\Program Files (x86)\Intel\Intel(R) Management Engine Components\IPT;C:\Program Files\Intel\Intel(R) Management Engine Components\IPT;D:\Git\cmd;D:\Git\TortoiseGit\bin;C:\WINDOWS\System32\OpenSSH\;C:\Users\admin\AppData\Local\Microsoft\WindowsApps;C:\Program Files\Bandizip\;D:\apache-maven-3.5.4\bin;;D:\springIDEAL\sts-bundle\sts-3.9.5.RELEASE;;."/>
    <property name="java.vm.info" value="mixed mode"/>
    <property name="java.vendor" value="Oracle Corporation"/>
    <property name="java.vm.version" value="25.181-b13"/>
    <property name="java.ext.dirs" value="C:\Program Files\Java\jdk1.8.0_181\jre\lib\ext;C:\WINDOWS\Sun\Java\lib\ext"/>
    <property name="sun.io.unicode.encoding" value="UnicodeLittle"/>
    <property name="java.class.version" value="52.0"/>
  </properties>
  <testcase name="Test01" classname="com.nmys.story.test_ip_resttemplate.RestTest" time="0.217"/>
</testsuite>